{
  "RSpec": {
    "coverage": {
      "/home/saasbook/Documents/CS169/crowdAssistant/config/environment.rb": [
        null,
        1,
        null,
        null,
        1
      ],
      "/home/saasbook/Documents/CS169/crowdAssistant/config/application.rb": [
        1,
        null,
        1,
        null,
        1,
        null,
        1,
        null,
        null,
        null,
        null,
        1,
        1,
        null,
        null,
        null,
        null,
        null,
        null,
        null,
        null,
        null,
        null,
        null,
        null,
        null,
        null,
        null,
        null,
        null,
        null,
        null,
        null,
        null,
        null,
        null,
        1,
        null,
        null,
        1,
        null,
        null,
        1,
        null,
        null,
        1,
        null,
        null
      ],
      "/home/saasbook/Documents/CS169/crowdAssistant/config/boot.rb": [
        1,
        null,
        null,
        1,
        null,
        1
      ],
      "/home/saasbook/Documents/CS169/crowdAssistant/config/environments/test.rb": [
        1,
        null,
        null,
        null,
        null,
        null,
        null,
        1,
        null,
        null,
        1,
        1,
        null,
        null,
        1,
        null,
        null,
        1,
        1,
        null,
        null,
        1,
        null,
        null,
        1,
        null,
        null,
        null,
        null,
        1,
        null,
        null,
        null,
        null,
        null,
        null,
        null,
        1,
        null
      ],
      "/home/saasbook/Documents/CS169/crowdAssistant/config/initializers/backtrace_silencers.rb": [
        null,
        null,
        null,
        null,
        null,
        null,
        null
      ],
      "/home/saasbook/Documents/CS169/crowdAssistant/config/initializers/inflections.rb": [
        null,
        null,
        null,
        null,
        null,
        null,
        null,
        null,
        null,
        null
      ],
      "/home/saasbook/Documents/CS169/crowdAssistant/config/initializers/mime_types.rb": [
        null,
        null,
        null,
        null,
        null
      ],
      "/home/saasbook/Documents/CS169/crowdAssistant/config/initializers/omniauth.rb": [
        1,
        1,
        1,
        0,
        null,
        1,
        null,
        1,
        null
      ],
      "/home/saasbook/Documents/CS169/crowdAssistant/config/initializers/require_files_in_lib.rb": [
        1,
        2,
        null
      ],
      "/home/saasbook/Documents/CS169/crowdAssistant/lib/wolframalpha_api.rb": [
        1,
        null,
        1,
        null,
        1,
        null,
        null,
        3,
        3,
        3,
        1,
        1,
        1,
        null,
        3,
        null,
        null,
        1,
        null,
        1,
        null,
        null,
        null,
        null,
        1,
        null,
        1,
        null,
        null,
        1,
        null,
        null,
        null,
        1,
        null,
        2,
        null,
        2,
        1,
        null,
        1,
        null,
        null,
        null,
        null,
        null,
        1,
        null,
        1,
        1,
        null,
        null,
        1,
        null,
        null,
        1,
        null,
        1,
        1,
        1,
        1,
        1,
        null,
        null,
        null,
        1,
        1,
        1,
        1,
        1,
        null,
        null,
        1,
        1,
        1,
        1,
        null,
        null,
        null,
        null,
        1,
        1,
        null,
        1,
        null,
        null,
        null,
        null,
        null,
        null,
        null,
        null,
        null,
        null,
        null,
        null,
        null,
        null,
        null
      ],
      "/home/saasbook/Documents/CS169/crowdAssistant/lib/mobileworks_api.rb": [
        null,
        1,
        null,
        1,
        null,
        null,
        1,
        null,
        null,
        1,
        null,
        1,
        1,
        1,
        null,
        1,
        1,
        1,
        1,
        1,
        1,
        null,
        1,
        null,
        null,
        null,
        null,
        null,
        1,
        1,
        null,
        null,
        1,
        1,
        null,
        1,
        1,
        1,
        1,
        0,
        null,
        1,
        1,
        1,
        null,
        null,
        null,
        null,
        null,
        null,
        null,
        null,
        null,
        null,
        null,
        null,
        1,
        null,
        null,
        null,
        1,
        null,
        null,
        1,
        null,
        1,
        null,
        null,
        null,
        null,
        1,
        null,
        null,
        null,
        1,
        1,
        1,
        null,
        null,
        null,
        null,
        null,
        null,
        null,
        null,
        null,
        null,
        null,
        null,
        null,
        null,
        null,
        null,
        null,
        null
      ],
      "/home/saasbook/Documents/CS169/crowdAssistant/config/initializers/secret_token.rb": [
        null,
        null,
        null,
        null,
        null,
        null,
        1
      ],
      "/home/saasbook/Documents/CS169/crowdAssistant/config/initializers/session_store.rb": [
        null,
        null,
        1,
        null,
        null,
        null,
        null,
        null
      ],
      "/home/saasbook/Documents/CS169/crowdAssistant/config/initializers/stripe.rb": [
        1,
        1
      ],
      "/home/saasbook/Documents/CS169/crowdAssistant/config/initializers/wrap_parameters.rb": [
        null,
        null,
        null,
        null,
        null,
        null,
        1,
        1,
        null,
        null,
        null,
        1,
        1,
        null
      ],
      "/home/saasbook/Documents/CS169/crowdAssistant/app/controllers/application_controller.rb": [
        1,
        1,
        null,
        1,
        null,
        1,
        1,
        null,
        null
      ],
      "/home/saasbook/Documents/CS169/crowdAssistant/app/helpers/application_helper.rb": [
        1,
        null
      ],
      "/home/saasbook/Documents/CS169/crowdAssistant/app/helpers/assistants_helper.rb": [
        1,
        null
      ],
      "/home/saasbook/Documents/CS169/crowdAssistant/app/helpers/home_helper.rb": [
        1,
        null
      ],
      "/home/saasbook/Documents/CS169/crowdAssistant/app/helpers/payments_helper.rb": [
        1,
        null
      ],
      "/home/saasbook/Documents/CS169/crowdAssistant/app/helpers/profiles_helper.rb": [
        1,
        null
      ],
      "/home/saasbook/Documents/CS169/crowdAssistant/app/helpers/sessions_helper.rb": [
        1,
        null
      ],
      "/home/saasbook/Documents/CS169/crowdAssistant/app/helpers/tasks_helper.rb": [
        1,
        null
      ],
      "/home/saasbook/Documents/CS169/crowdAssistant/app/helpers/users_helper.rb": [
        1,
        null
      ],
      "/home/saasbook/Documents/CS169/crowdAssistant/app/controllers/home_controller.rb": [
        1,
        null,
        1,
        2,
        null,
        null,
        2,
        2,
        null,
        2,
        2,
        null,
        2,
        null,
        null,
        1,
        0,
        0,
        null,
        null,
        null
      ],
      "/home/saasbook/Documents/CS169/crowdAssistant/app/controllers/payments_controller.rb": [
        1,
        1,
        null,
        null,
        1,
        1,
        1,
        1,
        null,
        null,
        null,
        1,
        null,
        10,
        10,
        3,
        3,
        null,
        7,
        7,
        null,
        null,
        null,
        null,
        null,
        4,
        4,
        4,
        8,
        4,
        null,
        null,
        3,
        3,
        null,
        null,
        null,
        null,
        null,
        null,
        null
      ],
      "/home/saasbook/Documents/CS169/crowdAssistant/app/models/payment.rb": [
        1,
        1,
        null
      ],
      "/home/saasbook/Documents/CS169/crowdAssistant/app/controllers/profiles_controller.rb": [
        1,
        null,
        null,
        1,
        1,
        1,
        1,
        1,
        null,
        null,
        null,
        null,
        1,
        1,
        null,
        null,
        null,
        null,
        1,
        5,
        5,
        5,
        4,
        2,
        null,
        6,
        3,
        null,
        null,
        null,
        null
      ],
      "/home/saasbook/Documents/CS169/crowdAssistant/app/models/profile.rb": [
        1,
        1,
        null
      ],
      "/home/saasbook/Documents/CS169/crowdAssistant/app/controllers/sessions_controller.rb": [
        1,
        null,
        1,
        0,
        null,
        1,
        2,
        2,
        2,
        2,
        1,
        null,
        null,
        2,
        2,
        2,
        2,
        null,
        null,
        1,
        1,
        1,
        null,
        null
      ],
      "/home/saasbook/Documents/CS169/crowdAssistant/app/controllers/tasks_controller.rb": [
        1,
        null,
        null,
        1,
        1,
        null,
        null,
        1,
        1,
        1,
        null,
        null,
        null,
        null,
        null,
        1,
        3,
        3,
        3,
        3,
        3,
        null,
        3,
        null,
        3,
        2,
        null,
        null,
        null,
        null,
        3,
        3,
        3,
        null,
        null,
        null,
        null,
        null,
        1,
        1,
        null,
        null,
        1,
        1,
        1,
        null,
        null,
        null,
        null,
        null,
        null,
        null,
        null,
        null,
        null,
        1,
        6,
        2,
        2,
        null,
        4,
        0,
        0,
        null,
        4,
        4,
        4,
        1,
        1,
        null,
        4,
        4,
        4,
        4,
        4,
        4,
        1,
        null,
        3,
        null,
        null,
        null,
        4,
        4,
        4,
        4,
        4,
        4,
        null,
        0,
        null,
        null,
        4,
        null,
        4,
        4,
        4,
        4,
        4,
        0,
        null,
        null,
        null,
        null,
        null,
        null,
        null,
        null,
        null,
        null,
        null,
        4,
        8,
        4,
        null,
        0,
        0,
        null,
        null,
        null,
        null,
        null,
        null,
        null,
        null,
        null,
        null,
        null,
        null,
        null,
        null,
        null,
        null,
        null,
        null,
        null,
        null,
        null,
        null,
        null,
        null,
        null,
        null,
        null,
        null,
        null,
        null,
        null,
        null
      ],
      "/home/saasbook/Documents/CS169/crowdAssistant/app/models/task.rb": [
        1,
        1,
        null,
        1,
        null,
        1,
        1,
        1,
        1,
        1,
        1,
        1,
        null,
        null,
        null,
        1,
        null,
        5,
        5,
        5,
        5,
        5,
        5,
        5,
        null,
        null,
        1,
        26,
        null,
        null,
        null
      ],
      "/home/saasbook/Documents/CS169/crowdAssistant/app/controllers/users_controller.rb": [
        1,
        null,
        null,
        1,
        1,
        null,
        1,
        1,
        1,
        null,
        null,
        null,
        null
      ],
      "/home/saasbook/Documents/CS169/crowdAssistant/app/models/user.rb": [
        1,
        1,
        1,
        1,
        1,
        null,
        1,
        1,
        1,
        1,
        1,
        1,
        null,
        null,
        null,
        null
      ],
      "/home/saasbook/Documents/CS169/crowdAssistant/app/mailers/user_mailer.rb": [
        1,
        1,
        null,
        1,
        1,
        1,
        1,
        1,
        null,
        null,
        null,
        1,
        3,
        3,
        3,
        null,
        null,
        1,
        1,
        null,
        null,
        null,
        1,
        null,
        3,
        3,
        3,
        3,
        3,
        3,
        2,
        2,
        2,
        null,
        2,
        null,
        2,
        null,
        1,
        1,
        1,
        null,
        null,
        null,
        2,
        null,
        3,
        null,
        null
      ],
      "/home/saasbook/Documents/CS169/crowdAssistant/app/models/assistant.rb": [
        1,
        1,
        null,
        null,
        null,
        1,
        null,
        2,
        2,
        null,
        1,
        null,
        null,
        null,
        null,
        null,
        null,
        null,
        1,
        1,
        1,
        1,
        1,
        null,
        null,
        null,
        null,
        1,
        1,
        null,
        null,
        null,
        1,
        null,
        null,
        null,
        1,
        7,
        null,
        null,
        1,
        1,
        1,
        1,
        null,
        null,
        null,
        1,
        1,
        1,
        1,
        1,
        1,
        null,
        1,
        2,
        2,
        2,
        2,
        2,
        null,
        null,
        null,
        null,
        null,
        2,
        2,
        1,
        null,
        1,
        1,
        1,
        1,
        null,
        1,
        null,
        null,
        2,
        2,
        2,
        null,
        null,
        1,
        1,
        null,
        1,
        1,
        null,
        null,
        null
      ],
      "/home/saasbook/Documents/CS169/crowdAssistant/app/models/data_file.rb": [
        1,
        1,
        1,
        1,
        null,
        1,
        null,
        1,
        1,
        1,
        null,
        1,
        1,
        null,
        null
      ],
      "/home/saasbook/Documents/CS169/crowdAssistant/config/routes.rb": [
        1,
        null,
        null,
        1,
        null,
        1,
        null,
        1,
        null,
        1,
        1,
        1,
        1,
        1,
        1,
        1,
        1,
        1,
        null,
        null,
        1,
        null,
        1,
        null,
        1,
        null,
        null,
        null,
        null,
        null,
        null,
        null,
        null,
        null,
        null,
        null,
        null,
        null,
        null,
        null,
        null,
        null,
        null,
        null,
        null,
        null,
        null,
        null,
        null,
        null,
        null,
        null,
        null,
        null,
        null,
        null,
        null,
        null,
        null,
        null,
        null,
        null,
        null,
        null,
        null,
        null,
        null,
        null,
        null,
        null,
        null,
        null,
        null,
        null,
        null,
        null,
        null,
        null,
        null,
        null,
        null,
        null,
        null
      ],
      "/home/saasbook/Documents/CS169/crowdAssistant/spec/controllers/sessions_controller_spec.rb": [
        1,
        null,
        1,
        1,
        1,
        1,
        1,
        1,
        1,
        1,
        1,
        1,
        1,
        1,
        null,
        null,
        null,
        1,
        1,
        1,
        1,
        1,
        1,
        1,
        null,
        1,
        1,
        1,
        null,
        null,
        null,
        1,
        1,
        1,
        1,
        1,
        null,
        null,
        null
      ],
      "/home/saasbook/Documents/CS169/crowdAssistant/spec/controllers/profiles_controller_spec.rb": [
        1,
        null,
        1,
        null,
        1,
        2,
        null,
        null,
        1,
        7,
        null,
        1,
        7,
        7,
        null,
        1,
        1,
        1,
        1,
        1,
        null,
        null,
        null,
        1,
        1,
        1,
        1,
        1,
        null,
        null,
        null,
        1,
        1,
        1,
        1,
        1,
        1,
        null,
        null,
        1,
        1,
        1,
        1,
        null,
        null,
        1,
        1,
        1,
        1,
        null,
        null,
        null,
        1,
        1,
        1,
        1,
        1,
        1,
        null,
        null,
        1,
        1,
        1,
        1,
        1,
        null,
        null,
        null,
        null,
        null
      ],
      "/home/saasbook/Documents/CS169/crowdAssistant/spec/controllers/users_controller_spec.rb": [
        1,
        null,
        null,
        1,
        null,
        1,
        1,
        1,
        1,
        1,
        1,
        1,
        null,
        null,
        null
      ],
      "/home/saasbook/Documents/CS169/crowdAssistant/spec/controllers/tasks_controller_spec.rb": [
        1,
        null,
        1,
        null,
        1,
        11,
        null,
        null,
        1,
        11,
        11,
        11,
        11,
        11,
        11,
        11,
        11,
        null,
        null,
        1,
        1,
        1,
        1,
        null,
        null,
        null,
        1,
        1,
        1,
        1,
        null,
        null,
        null,
        1,
        1,
        1,
        1,
        1,
        1,
        1,
        null,
        1,
        1,
        1,
        1,
        1,
        1,
        null,
        null,
        null,
        1,
        1,
        1,
        1,
        null,
        null,
        null,
        1,
        1,
        6,
        6,
        6,
        6,
        null,
        1,
        1,
        null,
        null,
        1,
        1,
        1,
        null,
        null,
        null,
        1,
        null,
        1,
        1,
        null,
        null,
        1,
        1,
        1,
        null,
        1,
        null,
        null,
        1,
        1,
        1,
        null,
        1,
        1,
        1,
        null,
        null,
        null,
        1,
        1,
        null,
        null,
        1,
        1,
        1,
        null,
        null,
        1,
        1,
        null,
        null,
        1,
        1,
        null,
        null,
        null,
        null
      ],
      "/home/saasbook/Documents/CS169/crowdAssistant/spec/controllers/payments_controller_spec.rb": [
        1,
        1,
        1,
        null,
        1,
        11,
        11,
        null,
        1,
        1,
        1,
        1,
        null,
        null,
        null,
        1,
        1,
        4,
        null,
        1,
        1,
        1,
        1,
        null,
        null,
        null,
        1,
        1,
        1,
        1,
        null,
        1,
        1,
        1,
        null,
        1,
        1,
        1,
        null,
        null,
        null,
        1,
        1,
        null,
        1,
        1,
        1,
        1,
        null,
        null,
        null,
        1,
        1,
        1,
        null,
        null,
        1,
        1,
        1,
        null,
        null,
        null,
        1,
        1,
        null,
        1,
        1,
        1,
        1,
        null,
        null,
        null,
        1,
        1,
        1,
        null,
        null,
        1,
        1,
        1,
        null,
        null,
        null,
        null,
        null,
        null
      ],
      "/home/saasbook/Documents/CS169/crowdAssistant/spec/controllers/home_controller_spec.rb": [
        1,
        null,
        1,
        1,
        1,
        1,
        1,
        1,
        1,
        null,
        1,
        1,
        1,
        1,
        1,
        1,
        1,
        null,
        null,
        null
      ],
      "/home/saasbook/Documents/CS169/crowdAssistant/spec/helpers/users_helper_spec.rb": [
        1,
        null,
        null,
        null,
        null,
        null,
        null,
        null,
        null,
        null,
        null,
        null,
        1,
        null
      ],
      "/home/saasbook/Documents/CS169/crowdAssistant/spec/helpers/assistants_helper_spec.rb": [
        1,
        null,
        null,
        null,
        null,
        null,
        null,
        null,
        null,
        null,
        null,
        null,
        1,
        null
      ],
      "/home/saasbook/Documents/CS169/crowdAssistant/spec/helpers/home_helper_spec.rb": [
        1,
        null,
        null,
        null,
        null,
        null,
        null,
        null,
        null,
        null,
        null,
        null,
        1,
        null
      ],
      "/home/saasbook/Documents/CS169/crowdAssistant/spec/helpers/sessions_helper_spec.rb": [
        1,
        null,
        null,
        null,
        null,
        null,
        null,
        null,
        null,
        null,
        null,
        null,
        1,
        null
      ],
      "/home/saasbook/Documents/CS169/crowdAssistant/spec/helpers/tasks_helper_spec.rb": [
        1,
        null,
        null,
        null,
        null,
        null,
        null,
        null,
        null,
        null,
        null,
        null,
        1,
        null
      ],
      "/home/saasbook/Documents/CS169/crowdAssistant/spec/helpers/payments_helper_spec.rb": [
        1,
        null,
        null,
        null,
        null,
        null,
        null,
        null,
        null,
        null,
        null,
        null,
        1,
        null
      ],
      "/home/saasbook/Documents/CS169/crowdAssistant/spec/helpers/profiles_helper_spec.rb": [
        1,
        null,
        null,
        null,
        null,
        null,
        null,
        null,
        null,
        null,
        null,
        null,
        1,
        null
      ],
      "/home/saasbook/Documents/CS169/crowdAssistant/spec/lib/mobileworks_api_spec.rb": [
        1,
        1,
        1,
        null,
        1,
        null,
        1,
        3,
        null,
        null,
        1,
        1,
        null,
        1,
        1,
        1,
        1,
        null,
        1,
        null,
        null,
        1,
        null,
        null,
        null,
        null,
        null,
        null,
        null,
        null,
        null,
        null,
        1,
        1,
        1,
        null,
        null,
        null,
        null,
        null,
        1,
        1,
        1,
        1,
        1,
        null,
        null,
        null,
        null,
        1,
        1,
        1,
        1,
        1,
        1,
        null,
        null,
        null
      ],
      "/home/saasbook/Documents/CS169/crowdAssistant/spec/lib/wolframalpha_api_spec.rb": [
        1,
        1,
        1,
        1,
        null,
        1,
        null,
        1,
        null,
        6,
        6,
        6,
        6,
        null,
        6,
        6,
        null,
        6,
        6,
        null,
        null,
        null,
        null,
        6,
        6,
        6,
        null,
        6,
        6,
        6,
        6,
        null,
        null,
        null,
        null,
        6,
        6,
        6,
        null,
        null,
        null,
        1,
        1,
        1,
        1,
        1,
        1,
        null,
        null,
        null,
        1,
        null,
        null,
        1,
        1,
        1,
        1,
        1,
        1,
        1,
        1,
        null,
        1,
        null,
        1,
        1,
        1,
        null,
        null,
        null,
        null,
        1,
        null,
        null,
        null,
        null,
        1,
        null,
        1,
        1,
        1,
        null,
        1,
        1,
        null,
        null,
        1,
        1,
        1,
        null,
        null,
        null,
        1,
        null,
        null,
        null,
        null,
        1,
        null,
        1,
        null,
        1,
        null,
        null,
        1,
        null,
        null,
        null,
        1,
        null,
        1,
        null,
        null,
        1,
        null,
        null,
        null,
        null,
        null,
        null
      ],
      "/home/saasbook/Documents/CS169/crowdAssistant/spec/mailers/user_mailer_spec.rb": [
        1,
        1,
        1,
        1,
        1,
        1,
        1,
        null,
        1,
        1,
        1,
        1,
        1,
        1,
        null,
        1,
        1,
        1,
        1,
        1,
        null,
        1,
        1,
        6,
        6,
        6,
        6,
        null,
        1,
        1,
        1,
        null,
        1,
        1,
        1,
        1,
        1,
        1,
        1,
        1,
        1,
        1,
        1,
        1,
        1,
        1,
        1,
        1,
        null,
        1,
        1,
        1,
        1,
        null,
        1,
        1,
        1,
        1,
        1,
        1,
        1,
        1,
        1,
        1,
        1,
        1,
        1,
        1,
        1,
        1,
        1,
        1,
        1,
        null,
        null
      ],
      "/home/saasbook/Documents/CS169/crowdAssistant/spec/models/data_file_spec.rb": [
        1,
        null,
        1,
        1,
        2,
        2,
        2,
        null,
        1,
        1,
        1,
        1,
        1,
        1,
        null,
        1,
        1,
        null,
        1,
        null,
        1,
        1,
        1,
        null,
        null
      ],
      "/home/saasbook/Documents/CS169/crowdAssistant/spec/models/payment_spec.rb": [
        1,
        null,
        1,
        null
      ],
      "/home/saasbook/Documents/CS169/crowdAssistant/spec/models/user_spec.rb": [
        1,
        null,
        1,
        null,
        1,
        null,
        1,
        null,
        1,
        1,
        1,
        null,
        1,
        null,
        null,
        1,
        1,
        1,
        1,
        1,
        null,
        null,
        null,
        null
      ],
      "/home/saasbook/Documents/CS169/crowdAssistant/spec/models/task_spec.rb": [
        1,
        null,
        1,
        1,
        4,
        null,
        1,
        1,
        null,
        1,
        1,
        null,
        1,
        1,
        1,
        1,
        1,
        1,
        null,
        1,
        1,
        1,
        1,
        1,
        null,
        null,
        null
      ],
      "/home/saasbook/Documents/CS169/crowdAssistant/spec/models/assistant_spec.rb": [
        1,
        null,
        1,
        1,
        13,
        13,
        13,
        13,
        null,
        1,
        1,
        1,
        1,
        1,
        null,
        1,
        1,
        1,
        1,
        null,
        1,
        1,
        1,
        1,
        null,
        1,
        1,
        1,
        1,
        1,
        1,
        null,
        1,
        1,
        1,
        1,
        1,
        null,
        1,
        1,
        1,
        1,
        1,
        null,
        1,
        1,
        1,
        1,
        1,
        1,
        null,
        1,
        1,
        1,
        1,
        1,
        1,
        1,
        1,
        null,
        1,
        1,
        1,
        1,
        1,
        1,
        1,
        1,
        null,
        1,
        1,
        1,
        1,
        1,
        null,
        1,
        1,
        null,
        1,
        1,
        null,
        1,
        1,
        1,
        null,
        null
      ],
      "/home/saasbook/Documents/CS169/crowdAssistant/spec/models/profile_spec.rb": [
        1,
        null,
        1,
        null
      ]
    },
    "timestamp": 1336045865
  }
}
